<?xml version="1.0" encoding="UTF-8"?>
<!-- Generated by org.testng.reporters.JUnitReportReporter -->
<testsuite hostname="Krishna-Katta" failures="0" tests="3" name="pagefactory.logintesttaskpagefactroy" time="5.110" errors="0" timestamp="2025-11-05T13:04:51 IST" skipped="0">
  <testcase classname="pagefactory.logintesttaskpagefactroy" name="Login_Test" time="1.395"/>
  <testcase classname="pagefactory.logintesttaskpagefactroy" name="Login_Test" time="2.170"/>
  <testcase classname="pagefactory.logintesttaskpagefactroy" name="Login_Test" time="1.545"/>
</testsuite> <!-- pagefactory.logintesttaskpagefactroy -->
